/*C2*/SET SCHEMA PUBLIC
INSERT INTO ACT_HI_VARINST VALUES('9478d684-147d-11f0-a756-b615d9063bdd',0,'83bb2703-ee1c-11ef-a060-ea3eb462f63f','83bb2703-ee1c-11ef-a060-ea3eb462f63f',NULL,'product','null',NULL,NULL,NULL,NULL,NULL,NULL,NULL,NULL,NULL,'2025-04-08 16:30:04.294000','2025-04-08 16:30:04.294000')
INSERT INTO ACT_HI_VARINST VALUES('947972c5-147d-11f0-a756-b615d9063bdd',0,'83bb2703-ee1c-11ef-a060-ea3eb462f63f','83bb2703-ee1c-11ef-a060-ea3eb462f63f',NULL,'size','null',NULL,NULL,NULL,NULL,NULL,NULL,NULL,NULL,NULL,'2025-04-08 16:30:04.294000','2025-04-08 16:30:04.294000')
INSERT INTO ACT_HI_VARINST VALUES('947972c6-147d-11f0-a756-b615d9063bdd',0,'83bb2703-ee1c-11ef-a060-ea3eb462f63f','83bb2703-ee1c-11ef-a060-ea3eb462f63f',NULL,'budget','null',NULL,NULL,NULL,NULL,NULL,NULL,NULL,NULL,NULL,'2025-04-08 16:30:04.294000','2025-04-08 16:30:04.294000')
INSERT INTO ACT_HI_VARINST VALUES('947972c7-147d-11f0-a756-b615d9063bdd',0,'83bb2703-ee1c-11ef-a060-ea3eb462f63f','83bb2703-ee1c-11ef-a060-ea3eb462f63f',NULL,'status','null',NULL,NULL,NULL,NULL,NULL,NULL,NULL,NULL,NULL,'2025-04-08 16:30:04.294000','2025-04-08 16:30:04.294000')
INSERT INTO ACT_HI_VARINST VALUES('94816209-147d-11f0-a756-b615d9063bdd',0,'83bb2703-ee1c-11ef-a060-ea3eb462f63f','83bb2703-ee1c-11ef-a060-ea3eb462f63f',NULL,'Activity_1xm5fp5_result','outcomes-container',NULL,NULL,NULL,'9481891a-147d-11f0-a756-b615d9063bdd',NULL,NULL,NULL,NULL,NULL,'2025-04-08 16:30:04.346000','2025-04-08 16:30:04.346000')
INSERT INTO ACT_HI_ACTINST VALUES('94877c8b-147d-11f0-a756-b615d9063bdd',1,'lead-qualification:3:72006cf2-ee1c-11ef-a060-ea3eb462f63f','83bb2703-ee1c-11ef-a060-ea3eb462f63f','83bb2707-ee1c-11ef-a060-ea3eb462f63f','Flow_0xwazzq',NULL,NULL,NULL,'sequenceFlow',NULL,'2025-04-08 16:30:04.386000','2025-04-08 16:30:04.386000',1,0,NULL,'')
INSERT INTO ACT_HI_ACTINST VALUES('9487a39c-147d-11f0-a756-b615d9063bdd',1,'lead-qualification:3:72006cf2-ee1c-11ef-a060-ea3eb462f63f','83bb2703-ee1c-11ef-a060-ea3eb462f63f','83bb2707-ee1c-11ef-a060-ea3eb462f63f','Gateway_0rhbtbn',NULL,NULL,NULL,'exclusiveGateway',NULL,'2025-04-08 16:30:04.387000','2025-04-08 16:30:04.462000',2,75,NULL,'')
INSERT INTO ACT_HI_ACTINST VALUES('9493154d-147d-11f0-a756-b615d9063bdd',1,'lead-qualification:3:72006cf2-ee1c-11ef-a060-ea3eb462f63f','83bb2703-ee1c-11ef-a060-ea3eb462f63f','83bb2707-ee1c-11ef-a060-ea3eb462f63f','Flow_1jrmkgl',NULL,NULL,'\u0421\u043f\u0430\u043c','sequenceFlow',NULL,'2025-04-08 16:30:04.462000','2025-04-08 16:30:04.462000',3,0,NULL,'')
INSERT INTO ACT_HI_ACTINST VALUES('9493154e-147d-11f0-a756-b615d9063bdd',1,'lead-qualification:3:72006cf2-ee1c-11ef-a060-ea3eb462f63f','83bb2703-ee1c-11ef-a060-ea3eb462f63f','83bb2707-ee1c-11ef-a060-ea3eb462f63f','Event_10vn64k',NULL,NULL,NULL,'endEvent',NULL,'2025-04-08 16:30:04.462000','2025-04-08 16:30:04.465000',4,3,NULL,'')
INSERT INTO ACT_GE_BYTEARRAY VALUES('94816208-147d-11f0-a756-b615d9063bdd',1,'var-Activity_1xm5fp5_result',NULL,'7b226f7574636f6d6573223a5b7b226f7574636f6d654964223a227370616d222c22657865637574696f6e4964223a2238336262323730372d656531632d313165662d613036302d656133656234363266363366222c227461736b446566696e6974696f6e4b6579223a2241637469766974795f31786d35667035222c2275736572223a2261646d696e222c2264617465223a313734343131393030343232377d5d7d',NULL)
INSERT INTO ACT_GE_BYTEARRAY VALUES('9481891a-147d-11f0-a756-b615d9063bdd',1,'hist.var-Activity_1xm5fp5_result',NULL,'7b226f7574636f6d6573223a5b7b226f7574636f6d654964223a227370616d222c22657865637574696f6e4964223a2238336262323730372d656531632d313165662d613036302d656133656234363266363366222c227461736b446566696e6974696f6e4b6579223a2241637469766974795f31786d35667035222c2275736572223a2261646d696e222c2264617465223a313734343131393030343232377d5d7d',NULL)
DELETE FROM ACT_HI_ACTINST WHERE ID_='83bb752b-ee1c-11ef-a060-ea3eb462f63f'
INSERT INTO ACT_HI_ACTINST VALUES('83bb752b-ee1c-11ef-a060-ea3eb462f63f',2,'lead-qualification:3:72006cf2-ee1c-11ef-a060-ea3eb462f63f','83bb2703-ee1c-11ef-a060-ea3eb462f63f','83bb2707-ee1c-11ef-a060-ea3eb462f63f','Activity_1xm5fp5','83bb752c-ee1c-11ef-a060-ea3eb462f63f',NULL,'\u041a\u0432\u0430\u043b\u0438\u0444\u0438\u0446\u0438\u0440\u043e\u0432\u0430\u0442\u044c \u043b\u0438\u0434','userTask','admin','2025-02-18 20:19:30.837000','2025-04-08 16:30:04.377000',3,4219833540,NULL,'')
DELETE FROM ACT_HI_PROCINST WHERE ID_='83bb2703-ee1c-11ef-a060-ea3eb462f63f'
INSERT INTO ACT_HI_PROCINST VALUES('83bb2703-ee1c-11ef-a060-ea3eb462f63f',2,'83bb2703-ee1c-11ef-a060-ea3eb462f63f',NULL,'lead-qualification:3:72006cf2-ee1c-11ef-a060-ea3eb462f63f','2025-02-18 20:19:30.835000','2025-04-08 16:30:04.483000',4219833648,'admin','StartEvent_1','Event_10vn64k',NULL,NULL,'',NULL,NULL,NULL,NULL,NULL,NULL,NULL)
DELETE FROM ACT_HI_TASKINST WHERE ID_='83bb752c-ee1c-11ef-a060-ea3eb462f63f'
INSERT INTO ACT_HI_TASKINST VALUES('83bb752c-ee1c-11ef-a060-ea3eb462f63f',2,'lead-qualification:3:72006cf2-ee1c-11ef-a060-ea3eb462f63f',NULL,'Activity_1xm5fp5','83bb2703-ee1c-11ef-a060-ea3eb462f63f','83bb2707-ee1c-11ef-a060-ea3eb462f63f',NULL,NULL,NULL,NULL,NULL,'completed','\u041a\u0432\u0430\u043b\u0438\u0444\u0438\u0446\u0438\u0440\u043e\u0432\u0430\u0442\u044c \u043b\u0438\u0434',NULL,NULL,NULL,'admin','2025-02-18 20:19:30.837000',NULL,NULL,NULL,NULL,NULL,NULL,'2025-04-08 16:30:04.362000',NULL,4219833525,NULL,50,NULL,NULL,NULL,NULL,'','2025-04-08 16:30:04.362000')
DELETE FROM ACT_HI_VARINST WHERE ID_='83bb2705-ee1c-11ef-a060-ea3eb462f63f'
INSERT INTO ACT_HI_VARINST VALUES('83bb2705-ee1c-11ef-a060-ea3eb462f63f',1,'83bb2703-ee1c-11ef-a060-ea3eb462f63f','83bb2703-ee1c-11ef-a060-ea3eb462f63f',NULL,'request','string',NULL,NULL,NULL,NULL,NULL,NULL,'333',NULL,NULL,'2025-02-18 20:19:30.835000','2025-04-08 16:30:04.281000')
DELETE FROM ACT_HI_VARINST WHERE ID_='83bb2706-ee1c-11ef-a060-ea3eb462f63f'
INSERT INTO ACT_HI_VARINST VALUES('83bb2706-ee1c-11ef-a060-ea3eb462f63f',1,'83bb2703-ee1c-11ef-a060-ea3eb462f63f','83bb2703-ee1c-11ef-a060-ea3eb462f63f',NULL,'customer','string',NULL,NULL,NULL,NULL,NULL,NULL,'yuio',NULL,NULL,'2025-02-18 20:19:30.835000','2025-04-08 16:30:04.294000')
DELETE FROM ACT_RU_EXECUTION WHERE ID_='83bb2707-ee1c-11ef-a060-ea3eb462f63f'
INSERT INTO ACT_RU_EXECUTION VALUES('83bb2707-ee1c-11ef-a060-ea3eb462f63f',2,'83bb2703-ee1c-11ef-a060-ea3eb462f63f',NULL,'83bb2703-ee1c-11ef-a060-ea3eb462f63f','lead-qualification:3:72006cf2-ee1c-11ef-a060-ea3eb462f63f',NULL,'83bb2703-ee1c-11ef-a060-ea3eb462f63f','Event_10vn64k','0','0','0','0','0',1,NULL,'',NULL,NULL,'2025-02-18 20:19:30.835000',NULL,NULL,NULL,'1',0,0,0,0,0,0,0,0,0,NULL,NULL,NULL,NULL,NULL,NULL)
DELETE FROM ACT_RU_EXECUTION WHERE ID_='83bb2703-ee1c-11ef-a060-ea3eb462f63f'
INSERT INTO ACT_RU_EXECUTION VALUES('83bb2703-ee1c-11ef-a060-ea3eb462f63f',2,'83bb2703-ee1c-11ef-a060-ea3eb462f63f',NULL,NULL,'lead-qualification:3:72006cf2-ee1c-11ef-a060-ea3eb462f63f',NULL,'83bb2703-ee1c-11ef-a060-ea3eb462f63f',NULL,'0','0','1','0','0',1,NULL,'',NULL,'StartEvent_1','2025-02-18 20:19:30.835000','admin',NULL,NULL,'1',0,0,0,0,0,0,0,0,0,NULL,NULL,NULL,NULL,NULL,NULL)
DELETE FROM ACT_RU_VARIABLE WHERE ID_='83bb2705-ee1c-11ef-a060-ea3eb462f63f'
DELETE FROM ACT_RU_VARIABLE WHERE ID_='83bb2706-ee1c-11ef-a060-ea3eb462f63f'
DELETE FROM ACT_RU_VARIABLE WHERE ID_='83bb4e19-ee1c-11ef-a060-ea3eb462f63f'
DELETE FROM ACT_GE_BYTEARRAY WHERE ID_='94816208-147d-11f0-a756-b615d9063bdd'
DELETE FROM ACT_RU_IDENTITYLINK WHERE ID_='83bb2704-ee1c-11ef-a060-ea3eb462f63f'
DELETE FROM ACT_RU_IDENTITYLINK WHERE ID_='83bbc34e-ee1c-11ef-a060-ea3eb462f63f'
DELETE FROM ACT_RU_TASK WHERE ID_='83bb752c-ee1c-11ef-a060-ea3eb462f63f'
DELETE FROM ACT_RU_ACTINST WHERE ID_='83bb2708-ee1c-11ef-a060-ea3eb462f63f'
DELETE FROM ACT_RU_ACTINST WHERE ID_='83bb4e1a-ee1c-11ef-a060-ea3eb462f63f'
DELETE FROM ACT_RU_ACTINST WHERE ID_='83bb752b-ee1c-11ef-a060-ea3eb462f63f'
DELETE FROM ACT_RU_EXECUTION WHERE ID_='83bb2707-ee1c-11ef-a060-ea3eb462f63f'
DELETE FROM ACT_RU_EXECUTION WHERE ID_='83bb2703-ee1c-11ef-a060-ea3eb462f63f'
COMMIT
/*C3*/SET SCHEMA PUBLIC
DISCONNECT
/*C5*/SET SCHEMA PUBLIC
DISCONNECT
/*C8*/SET SCHEMA PUBLIC
DISCONNECT
/*C6*/SET SCHEMA PUBLIC
DISCONNECT
/*C4*/SET SCHEMA PUBLIC
DISCONNECT
/*C11*/SET SCHEMA PUBLIC
DISCONNECT
/*C9*/SET SCHEMA PUBLIC
DISCONNECT
/*C2*/DISCONNECT
/*C7*/SET SCHEMA PUBLIC
DISCONNECT
/*C10*/SET SCHEMA PUBLIC
DISCONNECT
/*C14*/SET SCHEMA PUBLIC
DISCONNECT
/*C16*/SET SCHEMA PUBLIC
DISCONNECT
/*C13*/SET SCHEMA PUBLIC
DISCONNECT
/*C18*/SET SCHEMA PUBLIC
DISCONNECT
/*C19*/SET SCHEMA PUBLIC
DISCONNECT
/*C21*/SET SCHEMA PUBLIC
DISCONNECT
/*C12*/SET SCHEMA PUBLIC
DISCONNECT
/*C15*/SET SCHEMA PUBLIC
DISCONNECT
/*C17*/SET SCHEMA PUBLIC
DISCONNECT
/*C20*/SET SCHEMA PUBLIC
DISCONNECT
